<?xml version="1.0" encoding="UTF-8"?>
<testsuite xmlns:xsi="http://www.w3.org/2001/XMLSchema-instance" xsi:noNamespaceSchemaLocation="https://maven.apache.org/surefire/maven-surefire-plugin/xsd/surefire-test-report.xsd" name="opennlp.morfologik.lemmatizer.MorfologikLemmatizerTest" time="0.015" tests="2" errors="0" skipped="0" failures="0">
  <properties>
    <property name="awt.toolkit" value="sun.awt.X11.XToolkit"/>
    <property name="java.specification.version" value="11"/>
    <property name="sun.cpu.isalist" value=""/>
    <property name="sun.jnu.encoding" value="UTF-8"/>
    <property name="java.class.path" value="/home/lg/2020/spring/software_testing/project/apache-opennlp-1.9.2-src/opennlp-morfologik-addon/target/test-classes:/home/lg/2020/spring/software_testing/project/apache-opennlp-1.9.2-src/opennlp-morfologik-addon/target/classes:/home/lg/.m2/repository/org/carrot2/morfologik-stemming/2.1.7/morfologik-stemming-2.1.7.jar:/home/lg/.m2/repository/org/carrot2/morfologik-fsa/2.1.7/morfologik-fsa-2.1.7.jar:/home/lg/.m2/repository/org/carrot2/morfologik-tools/2.1.7/morfologik-tools-2.1.7.jar:/home/lg/.m2/repository/org/carrot2/morfologik-fsa-builders/2.1.7/morfologik-fsa-builders-2.1.7.jar:/home/lg/.m2/repository/com/carrotsearch/hppc/0.7.2/hppc-0.7.2.jar:/home/lg/.m2/repository/com/beust/jcommander/1.78/jcommander-1.78.jar:/home/lg/2020/spring/software_testing/project/apache-opennlp-1.9.2-src/opennlp-tools/target/opennlp-tools-1.9.3-SNAPSHOT.jar:/home/lg/2020/spring/software_testing/project/apache-opennlp-1.9.2-src/opennlp-tools/target/opennlp-tools-1.9.3-SNAPSHOT-tests.jar:/home/lg/.m2/repository/junit/junit/4.13/junit-4.13.jar:/home/lg/.m2/repository/org/hamcrest/hamcrest-core/1.3/hamcrest-core-1.3.jar:"/>
    <property name="java.vm.vendor" value="Ubuntu"/>
    <property name="sun.arch.data.model" value="64"/>
    <property name="java.vendor.url" value="https://ubuntu.com/"/>
    <property name="user.timezone" value=""/>
    <property name="java.vm.specification.version" value="11"/>
    <property name="os.name" value="Linux"/>
    <property name="sun.java.launcher" value="SUN_STANDARD"/>
    <property name="user.country" value="IN"/>
    <property name="sun.boot.library.path" value="/usr/lib/jvm/java-11-openjdk-amd64/lib"/>
    <property name="sun.java.command" value="/home/lg/2020/spring/software_testing/project/apache-opennlp-1.9.2-src/opennlp-morfologik-addon/target/surefire/surefirebooter6998293108763849467.jar /home/lg/2020/spring/software_testing/project/apache-opennlp-1.9.2-src/opennlp-morfologik-addon/target/surefire 2020-05-30T15-59-41_308-jvmRun1 surefire15067344225000557002tmp surefire_17107398918852619448tmp"/>
    <property name="jdk.debug" value="release"/>
    <property name="surefire.test.class.path" value="/home/lg/2020/spring/software_testing/project/apache-opennlp-1.9.2-src/opennlp-morfologik-addon/target/test-classes:/home/lg/2020/spring/software_testing/project/apache-opennlp-1.9.2-src/opennlp-morfologik-addon/target/classes:/home/lg/.m2/repository/org/carrot2/morfologik-stemming/2.1.7/morfologik-stemming-2.1.7.jar:/home/lg/.m2/repository/org/carrot2/morfologik-fsa/2.1.7/morfologik-fsa-2.1.7.jar:/home/lg/.m2/repository/org/carrot2/morfologik-tools/2.1.7/morfologik-tools-2.1.7.jar:/home/lg/.m2/repository/org/carrot2/morfologik-fsa-builders/2.1.7/morfologik-fsa-builders-2.1.7.jar:/home/lg/.m2/repository/com/carrotsearch/hppc/0.7.2/hppc-0.7.2.jar:/home/lg/.m2/repository/com/beust/jcommander/1.78/jcommander-1.78.jar:/home/lg/2020/spring/software_testing/project/apache-opennlp-1.9.2-src/opennlp-tools/target/opennlp-tools-1.9.3-SNAPSHOT.jar:/home/lg/2020/spring/software_testing/project/apache-opennlp-1.9.2-src/opennlp-tools/target/opennlp-tools-1.9.3-SNAPSHOT-tests.jar:/home/lg/.m2/repository/junit/junit/4.13/junit-4.13.jar:/home/lg/.m2/repository/org/hamcrest/hamcrest-core/1.3/hamcrest-core-1.3.jar:"/>
    <property name="sun.cpu.endian" value="little"/>
    <property name="user.home" value="/home/lg"/>
    <property name="user.language" value="en"/>
    <property name="java.specification.vendor" value="Oracle Corporation"/>
    <property name="java.version.date" value="2020-04-14"/>
    <property name="java.home" value="/usr/lib/jvm/java-11-openjdk-amd64"/>
    <property name="file.separator" value="/"/>
    <property name="basedir" value="/home/lg/2020/spring/software_testing/project/apache-opennlp-1.9.2-src/opennlp-morfologik-addon"/>
    <property name="java.vm.compressedOopsMode" value="32-bit"/>
    <property name="line.separator" value="&#10;"/>
    <property name="checkstyle.skip" value="true"/>
    <property name="java.specification.name" value="Java Platform API Specification"/>
    <property name="java.vm.specification.vendor" value="Oracle Corporation"/>
    <property name="java.awt.graphicsenv" value="sun.awt.X11GraphicsEnvironment"/>
    <property name="surefire.real.class.path" value="/home/lg/2020/spring/software_testing/project/apache-opennlp-1.9.2-src/opennlp-morfologik-addon/target/surefire/surefirebooter6998293108763849467.jar"/>
    <property name="sun.management.compiler" value="HotSpot 64-Bit Tiered Compilers"/>
    <property name="java.runtime.version" value="11.0.7+10-post-Ubuntu-2ubuntu218.04"/>
    <property name="user.name" value="lg"/>
    <property name="path.separator" value=":"/>
    <property name="os.version" value="5.3.0-53-generic"/>
    <property name="java.runtime.name" value="OpenJDK Runtime Environment"/>
    <property name="file.encoding" value="UTF-8"/>
    <property name="java.vm.name" value="OpenJDK 64-Bit Server VM"/>
    <property name="localRepository" value="/home/lg/.m2/repository"/>
    <property name="java.vendor.url.bug" value="https://bugs.launchpad.net/ubuntu/+source/openjdk-lts"/>
    <property name="java.io.tmpdir" value="/tmp"/>
    <property name="java.version" value="11.0.7"/>
    <property name="user.dir" value="/home/lg/2020/spring/software_testing/project/apache-opennlp-1.9.2-src/opennlp-morfologik-addon"/>
    <property name="os.arch" value="amd64"/>
    <property name="java.vm.specification.name" value="Java Virtual Machine Specification"/>
    <property name="java.awt.printerjob" value="sun.print.PSPrinterJob"/>
    <property name="sun.os.patch.level" value="unknown"/>
    <property name="java.library.path" value="/usr/java/packages/lib:/usr/lib/x86_64-linux-gnu/jni:/lib/x86_64-linux-gnu:/usr/lib/x86_64-linux-gnu:/usr/lib/jni:/lib:/usr/lib"/>
    <property name="java.vendor" value="Ubuntu"/>
    <property name="java.vm.info" value="mixed mode, sharing"/>
    <property name="java.vm.version" value="11.0.7+10-post-Ubuntu-2ubuntu218.04"/>
    <property name="sun.io.unicode.encoding" value="UnicodeLittle"/>
    <property name="java.class.version" value="55.0"/>
  </properties>
  <testcase name="testLemmatizeInsensitive" classname="opennlp.morfologik.lemmatizer.MorfologikLemmatizerTest" time="0.008"/>
  <testcase name="testLemmatizeMultiLemma" classname="opennlp.morfologik.lemmatizer.MorfologikLemmatizerTest" time="0.007"/>
</testsuite>